[    0.000000] Linux version 4.15.0-212-generic (buildd@lcy02-amd64-083) (gcc version 7.5.0 (Ubuntu 7.5.0-3ubuntu1~18.04)) #223-Ubuntu SMP Tue May 23 13:09:22 UTC 2023 (Ubuntu 4.15.0-212.223-generic 4.15.18)
[    0.000000] Command line: BOOT_IMAGE=/boot/vmlinuz-4.15.0-212-generic root=LABEL=cloudimg-rootfs ro console=tty1 console=ttyS0
[    0.000000] KERNEL supported cpus:
[    0.000000]   Intel GenuineIntel
[    0.000000]   AMD AuthenticAMD
[    0.000000]   Centaur CentaurHauls
[    0.000000] x86/fpu: Supporting XSAVE feature 0x001: 'x87 floating point registers'
[    0.000000] x86/fpu: Supporting XSAVE feature 0x002: 'SSE registers'
[    0.000000] x86/fpu: Supporting XSAVE feature 0x004: 'AVX registers'
[    0.000000] x86/fpu: xstate_offset[2]:  576, xstate_sizes[2]:  256
[    0.000000] x86/fpu: Enabled xstate features 0x7, context size is 832 bytes, using 'standard' format.
[    0.000000] e820: BIOS-provided physical RAM map:
[    0.000000] BIOS-e820: [mem 0x0000000000000000-0x000000000009fbff] usable
[    0.000000] BIOS-e820: [mem 0x000000000009fc00-0x000000000009ffff] reserved
[    0.000000] BIOS-e820: [mem 0x00000000000f0000-0x00000000000fffff] reserved
[    0.000000] BIOS-e820: [mem 0x0000000000100000-0x000000003ffeffff] usable
[    0.000000] BIOS-e820: [mem 0x000000003fff0000-0x000000003fffffff] ACPI data
[    0.000000] BIOS-e820: [mem 0x00000000fec00000-0x00000000fec00fff] reserved
[    0.000000] BIOS-e820: [mem 0x00000000fee00000-0x00000000fee00fff] reserved
[    0.000000] BIOS-e820: [mem 0x00000000fffc0000-0x00000000ffffffff] reserved
[    0.000000] NX (Execute Disable) protection: active
[    0.000000] SMBIOS 2.5 present.
[    0.000000] DMI: innotek GmbH VirtualBox/VirtualBox, BIOS VirtualBox 12/01/2006
[    0.000000] Hypervisor detected: KVM
[    0.000000] e820: last_pfn = 0x3fff0 max_arch_pfn = 0x400000000
[    0.000000] MTRR: Disabled
[    0.000000] x86/PAT: MTRRs disabled, skipping PAT initialization too.
[    0.000000] CPU MTRRs all blank - virtualized system.
[    0.000000] x86/PAT: Configuration [0-7]: WB  WT  UC- UC  WB  WT  UC- UC  
[    0.000000] found SMP MP-table at [mem 0x0009fff0-0x0009ffff]
[    0.000000] Scanning 1 areas for low memory corruption
[    0.000000] RAMDISK: [mem 0x359cb000-0x36cdcfff]
[    0.000000] ACPI: Early table checksum verification disabled
[    0.000000] ACPI: RSDP 0x00000000000E0000 000024 (v02 VBOX  )
[    0.000000] ACPI: XSDT 0x000000003FFF0030 00003C (v01 VBOX   VBOXXSDT 00000001 ASL  00000061)
[    0.000000] ACPI: FACP 0x000000003FFF00F0 0000F4 (v04 VBOX   VBOXFACP 00000001 ASL  00000061)
[    0.000000] ACPI: DSDT 0x000000003FFF0610 002353 (v02 VBOX   VBOXBIOS 00000002 INTL 20230628)
[    0.000000] ACPI: FACS 0x000000003FFF0200 000040
[    0.000000] ACPI: FACS 0x000000003FFF0200 000040
[    0.000000] ACPI: APIC 0x000000003FFF0240 00005C (v02 VBOX   VBOXAPIC 00000001 ASL  00000061)
[    0.000000] ACPI: SSDT 0x000000003FFF02A0 00036C (v01 VBOX   VBOXCPUT 00000002 INTL 20230628)
[    0.000000] ACPI: Reserving FACP table memory at [mem 0x3fff00f0-0x3fff01e3]
[    0.000000] ACPI: Reserving DSDT table memory at [mem 0x3fff0610-0x3fff2962]
[    0.000000] ACPI: Reserving FACS table memory at [mem 0x3fff0200-0x3fff023f]
[    0.000000] ACPI: Reserving FACS table memory at [mem 0x3fff0200-0x3fff023f]
[    0.000000] ACPI: Reserving APIC table memory at [mem 0x3fff0240-0x3fff029b]
[    0.000000] ACPI: Reserving SSDT table memory at [mem 0x3fff02a0-0x3fff060b]
[    0.000000] No NUMA configuration found
[    0.000000] Faking a node at [mem 0x0000000000000000-0x000000003ffeffff]
[    0.000000] NODE_DATA(0) allocated [mem 0x3ffc5000-0x3ffeffff]
[    0.000000] kvm-clock: cpu 0, msr 0:3ff44001, primary cpu clock
[    0.000000] kvm-clock: Using msrs 4b564d01 and 4b564d00
[    0.000000] kvm-clock: using sched offset of 3497564342 cycles
[    0.000000] clocksource: kvm-clock: mask: 0xffffffffffffffff max_cycles: 0x1cd42e4dffb, max_idle_ns: 881590591483 ns
[    0.000000] Zone ranges:
[    0.000000]   DMA      [mem 0x0000000000001000-0x0000000000ffffff]
[    0.000000]   DMA32    [mem 0x0000000001000000-0x000000003ffeffff]
[    0.000000]   Normal   empty
[    0.000000]   Device   empty
[    0.000000] Movable zone start for each node
[    0.000000] Early memory node ranges
[    0.000000]   node   0: [mem 0x0000000000001000-0x000000000009efff]
[    0.000000]   node   0: [mem 0x0000000000100000-0x000000003ffeffff]
[    0.000000] Reserved but unavailable: 104 pages
[    0.000000] Initmem setup node 0 [mem 0x0000000000001000-0x000000003ffeffff]
[    0.000000] ACPI: PM-Timer IO Port: 0x4008
[    0.000000] IOAPIC[0]: apic_id 2, version 32, address 0xfec00000, GSI 0-23
[    0.000000] ACPI: INT_SRC_OVR (bus 0 bus_irq 0 global_irq 2 dfl dfl)
[    0.000000] ACPI: INT_SRC_OVR (bus 0 bus_irq 9 global_irq 9 low level)
[    0.000000] Using ACPI (MADT) for SMP configuration information
[    0.000000] smpboot: Allowing 2 CPUs, 0 hotplug CPUs
[    0.000000] PM: Registered nosave memory: [mem 0x00000000-0x00000fff]
[    0.000000] PM: Registered nosave memory: [mem 0x0009f000-0x0009ffff]
[    0.000000] PM: Registered nosave memory: [mem 0x000a0000-0x000effff]
[    0.000000] PM: Registered nosave memory: [mem 0x000f0000-0x000fffff]
[    0.000000] e820: [mem 0x40000000-0xfebfffff] available for PCI devices
[    0.000000] Booting paravirtualized kernel on KVM
[    0.000000] clocksource: refined-jiffies: mask: 0xffffffff max_cycles: 0xffffffff, max_idle_ns: 7645519600211568 ns
[    0.000000] setup_percpu: NR_CPUS:8192 nr_cpumask_bits:2 nr_cpu_ids:2 nr_node_ids:1
[    0.000000] percpu: Embedded 50 pages/cpu s167936 r8192 d28672 u1048576
[    0.000000] PV qspinlock hash table entries: 256 (order: 0, 4096 bytes)
[    0.000000] Built 1 zonelists, mobility grouping on.  Total pages: 257913
[    0.000000] Policy zone: DMA32
[    0.000000] Kernel command line: BOOT_IMAGE=/boot/vmlinuz-4.15.0-212-generic root=LABEL=cloudimg-rootfs ro console=tty1 console=ttyS0
[    0.000000] Memory: 982644K/1048120K available (12300K kernel code, 2477K rwdata, 4324K rodata, 2480K init, 2720K bss, 65476K reserved, 0K cma-reserved)
[    0.000000] SLUB: HWalign=64, Order=0-3, MinObjects=0, CPUs=2, Nodes=1
[    0.000000] Kernel/User page tables isolation: enabled
[    0.000000] ftrace: allocating 39508 entries in 155 pages
[    0.004000] Hierarchical RCU implementation.
[    0.004000] 	RCU restricting CPUs from NR_CPUS=8192 to nr_cpu_ids=2.
[    0.004000] 	Tasks RCU enabled.
[    0.004000] RCU: Adjusting geometry for rcu_fanout_leaf=16, nr_cpu_ids=2
[    0.004000] NR_IRQS: 524544, nr_irqs: 440, preallocated irqs: 16
[    0.004000] random: crng init done
[    0.004000] Console: colour VGA+ 80x25
[    0.004000] console [tty1] enabled
[    0.004000] console [ttyS0] enabled
[    0.004000] ACPI: Core revision 20170831
[    0.004000] ACPI: 2 ACPI AML tables successfully acquired and loaded
[    0.004000] APIC: Switch to symmetric I/O mode setup
[    0.004000] x2apic enabled
[    0.004000] Switched APIC routing to physical x2apic.
[    0.004000] ..TIMER: vector=0x30 apic1=0 pin1=2 apic2=-1 pin2=-1
[    0.004000] tsc: Detected 2207.996 MHz processor
[    0.004000] Calibrating delay loop (skipped) preset value.. 4415.99 BogoMIPS (lpj=8831984)
[    0.004000] pid_max: default: 32768 minimum: 301
[    0.004000] Security Framework initialized
[    0.004000] Yama: becoming mindful.
[    0.004000] AppArmor: AppArmor initialized
[    0.004000] Dentry cache hash table entries: 131072 (order: 8, 1048576 bytes)
[    0.004000] Inode-cache hash table entries: 65536 (order: 7, 524288 bytes)
[    0.004000] Mount-cache hash table entries: 2048 (order: 2, 16384 bytes)
[    0.004000] Mountpoint-cache hash table entries: 2048 (order: 2, 16384 bytes)
[    0.004000] Last level iTLB entries: 4KB 64, 2MB 8, 4MB 8
[    0.004000] Last level dTLB entries: 4KB 64, 2MB 0, 4MB 0, 1GB 4
[    0.004000] Spectre V1 : Mitigation: usercopy/swapgs barriers and __user pointer sanitization
[    0.004000] Spectre V2 : Mitigation: Retpolines
[    0.004000] Spectre V2 : Spectre v2 / SpectreRSB mitigation: Filling RSB on context switch
[    0.004006] Spectre V2 : Spectre v2 / SpectreRSB : Filling RSB on VMEXIT
[    0.005776] RETBleed: WARNING: Spectre v2 mitigation leaves CPU vulnerable to RETBleed attacks, data leaks possible!
[    0.008007] RETBleed: Vulnerable
[    0.009015] Speculative Store Bypass: Vulnerable
[    0.012094] MDS: Mitigation: Clear CPU buffers
[    0.013118] MMIO Stale Data: Mitigation: Clear CPU buffers
[    0.016008] SRBDS: Unknown: Dependent on hypervisor status
[    0.017872] Freeing SMP alternatives memory: 36K
[    0.149359] APIC calibration not consistent with PM-Timer: 101ms instead of 100ms
[    0.151142] APIC delta adjusted to PM-Timer: 6324992 (6412953)
[    0.152079] smpboot: CPU0: Intel(R) Core(TM) i5-10310U CPU @ 1.70GHz (family: 0x6, model: 0x8e, stepping: 0xc)
[    0.155023] Performance Events: unsupported p6 CPU model 142 no PMU driver, software events only.
[    0.156137] Hierarchical SRCU implementation.
[    0.160009] NMI watchdog: Perf event create on CPU 0 failed with -2
[    0.161939] NMI watchdog: Perf NMI watchdog permanently disabled
[    0.163699] smp: Bringing up secondary CPUs ...
[    0.164128] x86: Booting SMP configuration:
[    0.165150] .... node  #0, CPUs:      #1
[    0.004000] kvm-clock: cpu 1, msr 0:3ff44041, secondary cpu clock
[    0.170613] smp: Brought up 1 node, 2 CPUs
[    0.170613] smpboot: Max logical packages: 1
[    0.172018] smpboot: Total of 2 processors activated (8831.98 BogoMIPS)
[    0.176004] devtmpfs: initialized
[    0.176979] x86/mm: Memory block size: 128MB
[    0.178450] evm: security.selinux
[    0.179322] evm: security.SMACK64
[    0.180000] evm: security.SMACK64EXEC
[    0.180007] evm: security.SMACK64TRANSMUTE
[    0.180930] evm: security.SMACK64MMAP
[    0.182006] evm: security.apparmor
[    0.182984] evm: security.ima
[    0.184004] evm: security.capability
[    0.185195] clocksource: jiffies: mask: 0xffffffff max_cycles: 0xffffffff, max_idle_ns: 7645041785100000 ns
[    0.188091] futex hash table entries: 512 (order: 3, 32768 bytes)
[    0.189821] pinctrl core: initialized pinctrl subsystem
[    0.192044] RTC time: 21:15:53, date: 11/04/24
[    0.193798] NET: Registered protocol family 16
[    0.195211] audit: initializing netlink subsys (disabled)
[    0.196045] audit: type=2000 audit(1730754959.307:1): state=initialized audit_enabled=0 res=1
[    0.200017] cpuidle: using governor ladder
[    0.201251] cpuidle: using governor menu
[    0.202474] ACPI: bus type PCI registered
[    0.203775] acpiphp: ACPI Hot Plug PCI Controller Driver version: 0.5
[    0.204136] PCI: Using configuration type 1 for base access
[    0.209088] HugeTLB registered 2.00 MiB page size, pre-allocated 0 pages
[    0.212142] ACPI: Added _OSI(Module Device)
[    0.213522] ACPI: Added _OSI(Processor Device)
[    0.215377] ACPI: Added _OSI(3.0 _SCP Extensions)
[    0.216015] ACPI: Added _OSI(Processor Aggregator Device)
[    0.217337] ACPI: Added _OSI(Linux-Dell-Video)
[    0.218580] ACPI: Added _OSI(Linux-Lenovo-NV-HDMI-Audio)
[    0.220016] ACPI: Added _OSI(Linux-HPI-Hybrid-Graphics)
[    0.222494] ACPI: Executed 1 blocks of module-level executable AML code
[    0.231408] ACPI: Interpreter enabled
[    0.232021] ACPI: (supports S0 S5)
[    0.232980] ACPI: Using IOAPIC for interrupt routing
[    0.234875] PCI: Using host bridge windows from ACPI; if necessary, use "pci=nocrs" and report a bug
[    0.236237] ACPI: Enabled 2 GPEs in block 00 to 07
[    0.247300] ACPI: PCI Root Bridge [PCI0] (domain 0000 [bus 00-ff])
[    0.248009] acpi PNP0A03:00: _OSC: OS supports [ASPM ClockPM Segments MSI]
[    0.250931] acpi PNP0A03:00: _OSC: not requesting OS control; OS requires [ExtendedConfig ASPM ClockPM MSI]
[    0.252049] acpi PNP0A03:00: fail to add MMCONFIG information, can't access extended PCI configuration space under this bridge.
[    0.256655] PCI host bridge to bus 0000:00
[    0.260011] pci_bus 0000:00: root bus resource [io  0x0000-0x0cf7 window]
[    0.262203] pci_bus 0000:00: root bus resource [io  0x0d00-0xffff window]
[    0.264009] pci_bus 0000:00: root bus resource [mem 0x000a0000-0x000bffff window]
[    0.266379] pci_bus 0000:00: root bus resource [mem 0x40000000-0xfdffffff window]
[    0.268007] pci_bus 0000:00: root bus resource [bus 00-ff]
[    0.272862] pci 0000:00:01.1: legacy IDE quirk: reg 0x10: [io  0x01f0-0x01f7]
[    0.274384] pci 0000:00:01.1: legacy IDE quirk: reg 0x14: [io  0x03f6]
[    0.275858] pci 0000:00:01.1: legacy IDE quirk: reg 0x18: [io  0x0170-0x0177]
[    0.276005] pci 0000:00:01.1: legacy IDE quirk: reg 0x1c: [io  0x0376]
[    0.301014] pci 0000:00:07.0: quirk: [io  0x4000-0x403f] claimed by PIIX4 ACPI
[    0.303574] pci 0000:00:07.0: quirk: [io  0x4100-0x410f] claimed by PIIX4 SMB
[    0.314228] ACPI: PCI Interrupt Link [LNKA] (IRQs 5 9 10 *11)
[    0.316016] ACPI: PCI Interrupt Link [LNKB] (IRQs 5 9 *10 11)
[    0.317769] ACPI: PCI Interrupt Link [LNKC] (IRQs 5 *9 10 11)
[    0.319831] ACPI: PCI Interrupt Link [LNKD] (IRQs 5 9 10 *11)
[    0.320424] SCSI subsystem initialized
[    0.321616] pci 0000:00:02.0: vgaarb: setting as boot VGA device
[    0.321932] pci 0000:00:02.0: vgaarb: VGA device added: decodes=io+mem,owns=io+mem,locks=none
[    0.324022] pci 0000:00:02.0: vgaarb: bridge control possible
[    0.328039] vgaarb: loaded
[    0.329413] ACPI: bus type USB registered
[    0.332031] usbcore: registered new interface driver usbfs
[    0.334382] usbcore: registered new interface driver hub
[    0.336019] usbcore: registered new device driver usb
[    0.337767] EDAC MC: Ver: 3.0.0
[    0.337767] PCI: Using ACPI for IRQ routing
[    0.340431] NetLabel: Initializing
[    0.341703] NetLabel:  domain hash size = 128
[    0.344006] NetLabel:  protocols = UNLABELED CIPSOv4 CALIPSO
[    0.345970] NetLabel:  unlabeled traffic allowed by default
[    0.348209] clocksource: Switched to clocksource kvm-clock
[    0.358836] VFS: Disk quotas dquot_6.6.0
[    0.358836] VFS: Dquot-cache hash table entries: 512 (order 0, 4096 bytes)
[    0.358836] AppArmor: AppArmor Filesystem Enabled
[    0.358836] pnp: PnP ACPI init
[    0.358836] pnp: PnP ACPI: found 3 devices
[    0.386222] clocksource: acpi_pm: mask: 0xffffff max_cycles: 0xffffff, max_idle_ns: 2085701024 ns
[    0.388506] NET: Registered protocol family 2
[    0.388506] IP idents hash table entries: 16384 (order: 5, 131072 bytes)
[    0.393202] TCP established hash table entries: 8192 (order: 4, 65536 bytes)
[    0.395266] TCP bind hash table entries: 8192 (order: 5, 131072 bytes)
[    0.397086] TCP: Hash tables configured (established 8192 bind 8192)
[    0.397086] UDP hash table entries: 512 (order: 2, 16384 bytes)
[    0.397086] UDP-Lite hash table entries: 512 (order: 2, 16384 bytes)
[    0.397086] NET: Registered protocol family 1
[    0.397086] pci 0000:00:00.0: Limiting direct PCI/PCI transfers
[    0.397086] pci 0000:00:01.0: Activating ISA DMA hang workarounds
[    0.397086] pci 0000:00:02.0: Video device with shadowed ROM at [mem 0x000c0000-0x000dffff]
[    0.397086] Unpacking initramfs...
[    0.915907] Freeing initrd memory: 19528K
[    0.916166] clocksource: tsc: mask: 0xffffffffffffffff max_cycles: 0x1fd3b426a0c, max_idle_ns: 440795203300 ns
[    0.919892] platform rtc_cmos: registered platform RTC device (no PNP device found)
[    0.922066] Scanning for low memory corruption every 60 seconds
[    0.924625] Initialise system trusted keyrings
[    0.925885] Key type blacklist registered
[    0.927123] workingset: timestamp_bits=36 max_order=18 bucket_order=0
[    0.930069] zbud: loaded
[    0.931625] squashfs: version 4.0 (2009/01/31) Phillip Lougher
[    0.933654] fuse init (API version 7.26)
[    0.939133] Key type asymmetric registered
[    0.941127] Asymmetric key parser 'x509' registered
[    0.942652] Block layer SCSI generic (bsg) driver version 0.4 loaded (major 246)
[    0.944997] io scheduler noop registered
[    0.946171] io scheduler deadline registered
[    0.947494] io scheduler cfq registered (default)
[    0.949333] ACPI: AC Adapter [AC] (off-line)
[    0.950689] input: Power Button as /devices/LNXSYSTM:00/LNXPWRBN:00/input/input0
[    0.953019] ACPI: Power Button [PWRF]
[    0.954190] input: Sleep Button as /devices/LNXSYSTM:00/LNXSLPBN:00/input/input1
[    0.956263] ACPI: Sleep Button [SLPF]
[    0.958453] ACPI: Battery Slot [BAT0] (battery present)
[    0.959894] Serial: 8250/16550 driver, 32 ports, IRQ sharing enabled
[    0.982444] 00:02: ttyS0 at I/O 0x3f8 (irq = 4, base_baud = 115200) is a 16550A
[    0.987623] Linux agpgart interface v0.103
[    0.991508] loop: module loaded
[    0.993288] scsi host0: ata_piix
[    0.994445] scsi host1: ata_piix
[    0.995310] ata1: PATA max UDMA/33 cmd 0x1f0 ctl 0x3f6 bmdma 0xd000 irq 14
[    0.997043] ata2: PATA max UDMA/33 cmd 0x170 ctl 0x376 bmdma 0xd008 irq 15
[    0.998642] tun: Universal TUN/TAP device driver, 1.6
[    0.999855] PPP generic driver version 2.4.2
[    1.001283] ehci_hcd: USB 2.0 'Enhanced' Host Controller (EHCI) Driver
[    1.002793] ehci-pci: EHCI PCI platform driver
[    1.003814] ehci-platform: EHCI generic platform driver
[    1.005297] ohci_hcd: USB 1.1 'Open' Host Controller (OHCI) Driver
[    1.006986] ohci-pci: OHCI PCI platform driver
[    1.008686] ohci-platform: OHCI generic platform driver
[    1.010714] uhci_hcd: USB Universal Host Controller Interface driver
[    1.014248] i8042: PNP: PS/2 Controller [PNP0303:PS2K,PNP0f03:PS2M] at 0x60,0x64 irq 1,12
[    1.018833] serio: i8042 KBD port at 0x60,0x64 irq 1
[    1.020247] serio: i8042 AUX port at 0x60,0x64 irq 12
[    1.021955] mousedev: PS/2 mouse device common for all mice
[    1.024705] input: AT Translated Set 2 keyboard as /devices/platform/i8042/serio0/input/input2
[    1.027360] rtc_cmos rtc_cmos: rtc core: registered rtc_cmos as rtc0
[    1.029267] rtc_cmos rtc_cmos: alarms up to one day, 114 bytes nvram
[    1.031080] i2c /dev entries driver
[    1.032320] device-mapper: uevent: version 1.0.3
[    1.033891] device-mapper: ioctl: 4.37.0-ioctl (2017-09-20) initialised: dm-devel@redhat.com
[    1.036519] ledtrig-cpu: registered to indicate activity on CPUs
[    1.039075] NET: Registered protocol family 10
[    1.050253] Segment Routing with IPv6
[    1.052166] NET: Registered protocol family 17
[    1.054078] Key type dns_resolver registered
[    1.055923] mce: Using 0 MCE banks
[    1.057139] RAS: Correctable Errors collector initialized.
[    1.058848] sched_clock: Marking stable (1057104660, 0)->(1297746213, -240641553)
[    1.062087] registered taskstats version 1
[    1.063320] Loading compiled-in X.509 certificates
[    1.067917] Loaded X.509 cert 'Build time autogenerated kernel key: b5b26778eaa3ab3a4a6cee031137706e947d12ad'
[    1.071673] Loaded X.509 cert 'Canonical Ltd. Live Patch Signing: 14df34d1a87cf37625abec039ef2bf521249b969'
[    1.074885] Loaded X.509 cert 'Canonical Ltd. Kernel Module Signing: 88f752e560a1e0737e31163a466ad7b70a850c19'
[    1.077530] blacklist: Loading compiled-in revocation X.509 certificates
[    1.079519] Loaded X.509 cert 'Canonical Ltd. Secure Boot Signing: 61482aa2830d0ab2ad5af10b7250da9033ddcef0'
[    1.083068] Loaded X.509 cert 'Canonical Ltd. Secure Boot Signing (2017): 242ade75ac4a15e50d50c84b0d45ff3eae707a03'
[    1.086234] Loaded X.509 cert 'Canonical Ltd. Secure Boot Signing (ESM 2018): 365188c1d374d6b07c3c8f240f8ef722433d6a8b'
[    1.089436] Loaded X.509 cert 'Canonical Ltd. Secure Boot Signing (2019): c0746fd6c5da3ae827864651ad66ae47fe24b3e8'
[    1.092131] Loaded X.509 cert 'Canonical Ltd. Secure Boot Signing (2021 v1): a8d54bbb3825cfb94fa13c9f8a594a195c107b8d'
[    1.094428] Loaded X.509 cert 'Canonical Ltd. Secure Boot Signing (2021 v2): 4cf046892d6fd3c9a5b03f98d845f90851dc6a8c'
[    1.096781] Loaded X.509 cert 'Canonical Ltd. Secure Boot Signing (2021 v3): 100437bb6de6e469b581e61cd66bce3ef4ed53af'
[    1.099073] Loaded X.509 cert 'Canonical Ltd. Secure Boot Signing (Ubuntu Core 2019): c1d57b8f6b743f23ee41f4f7ee292f06eecadfb9'
[    1.101671] zswap: loaded using pool lzo/zbud
[    1.107160] Key type big_key registered
[    1.108174] Key type trusted registered
[    1.111646] Key type encrypted registered
[    1.113011] AppArmor: AppArmor sha1 policy hashing enabled
[    1.114461] ima: No TPM chip found, activating TPM-bypass! (rc=-19)
[    1.116246] ima: Allocated hash algorithm: sha1
[    1.117834] evm: HMAC attrs: 0x1
[    1.119412]   Magic number: 0:280:297
[    1.120898] rtc_cmos rtc_cmos: setting system clock to 2024-11-04 21:15:54 UTC (1730754954)
[    1.123721] BIOS EDD facility v0.16 2004-Jun-25, 0 devices found
[    1.125500] EDD information not available.
[    1.200851] Freeing unused kernel image memory: 2480K
[    1.208908] Write protecting the kernel read-only data: 20480k
[    1.215256] Freeing unused kernel image memory: 2008K
[    1.221118] Freeing unused kernel image memory: 1820K
[    1.270816] x86/mm: Checked W+X mappings: passed, no W+X pages found.
[    1.275700] x86/mm: Checking user space page tables
[    1.313751] x86/mm: Checked W+X mappings: passed, no W+X pages found.
Loading, please wait...
starting version 237
[    1.591169] Fusion MPT base driver 3.04.20
[    1.595103] Copyright (c) 1999-2008 LSI Corporation
[    1.603356] e1000: Intel(R) PRO/1000 Network Driver - version 7.3.21-k8-NAPI
[    1.610529] e1000: Copyright (c) 1999-2006 Intel Corporation.
[    1.643752] AVX2 version of gcm_enc/dec engaged.
[    1.645489] AES CTR mode by8 optimization enabled
[    1.658223] Fusion MPT SPI Host driver 3.04.20
[    1.819856] input: ImExPS/2 Generic Explorer Mouse as /devices/platform/i8042/serio1/input/input4
[    2.135962] e1000 0000:00:03.0 eth0: (PCI:33MHz:32-bit) 02:3b:7b:b7:3b:2d
[    2.151203] e1000 0000:00:03.0 eth0: Intel(R) PRO/1000 Network Connection
[    2.160569] e1000 0000:00:03.0 enp0s3: renamed from eth0
[    2.164845] mptbase: ioc0: Initiating bringup
[    2.289317] ioc0: LSI53C1030 A0: Capabilities={Initiator}
[    2.540241] scsi host2: ioc0: LSI53C1030 A0, FwRev=00000000h, Ports=1, MaxQ=256, IRQ=20
[    2.714293] scsi 2:0:0:0: Direct-Access     VBOX     HARDDISK         1.0  PQ: 0 ANSI: 5
[    2.752319] scsi target2:0:0: Beginning Domain Validation
[    2.758999] scsi target2:0:0: Domain Validation skipping write tests
[    2.762991] scsi target2:0:0: Ending Domain Validation
[    2.766838] scsi target2:0:0: asynchronous
[    2.773594] scsi 2:0:1:0: Direct-Access     VBOX     HARDDISK         1.0  PQ: 0 ANSI: 5
[    3.256306] scsi target2:0:1: Beginning Domain Validation
[    3.263670] scsi target2:0:1: Domain Validation skipping write tests
[    3.269101] scsi target2:0:1: Ending Domain Validation
[    3.273565] scsi target2:0:1: asynchronous
[    3.291816] sd 2:0:0:0: Attached scsi generic sg0 type 0
[    3.296889] sd 2:0:0:0: [sda] 83886080 512-byte logical blocks: (42.9 GB/40.0 GiB)
[    3.302951] sd 2:0:0:0: [sda] Write Protect is off
[    3.303202] sd 2:0:1:0: Attached scsi generic sg1 type 0
[    3.310653] sd 2:0:1:0: [sdb] 20480 512-byte logical blocks: (10.5 MB/10.0 MiB)
[    3.315699] sd 2:0:0:0: [sda] Incomplete mode parameter data
[    3.319500] sd 2:0:0:0: [sda] Assuming drive cache: write through
[    3.319603] sd 2:0:1:0: [sdb] Write Protect is off
[    3.329289] sd 2:0:1:0: [sdb] Incomplete mode parameter data
[    3.334058] sd 2:0:1:0: [sdb] Assuming drive cache: write through
[    3.346585]  sda: sda1
[    3.350418] sd 2:0:1:0: [sdb] Attached SCSI disk
[    3.355281] sd 2:0:0:0: [sda] Attached SCSI disk
Begin: Loading essential drivers ... [    5.208199] raid6: sse2x1   gen()  3474 MB/s
[    5.256341] raid6: sse2x1   xor()  1771 MB/s
[    5.304171] raid6: sse2x2   gen()  4068 MB/s
[    5.352152] raid6: sse2x2   xor()  2651 MB/s
[    5.400100] raid6: sse2x4   gen()  7157 MB/s
[    5.448970] raid6: sse2x4   xor()  4585 MB/s
[    5.496128] raid6: avx2x1   gen() 10949 MB/s
[    5.544716] raid6: avx2x1   xor()  7153 MB/s
[    5.592178] raid6: avx2x2   gen()  7672 MB/s
[    5.640183] raid6: avx2x2   xor()  6366 MB/s
[    5.688138] raid6: avx2x4   gen() 11639 MB/s
[    5.736171] raid6: avx2x4   xor()  7873 MB/s
[    5.737721] raid6: using algorithm avx2x4 gen() 11639 MB/s
[    5.739242] raid6: .... xor() 7873 MB/s, rmw enabled
[    5.740888] raid6: using avx2x2 recovery algorithm
[    5.744402] xor: automatically using best checksumming function   avx       
[    5.748287] async_tx: api initialized (async)
done.
Begin: Running /scripts/init-premount ... done.
Begin: Mounting root file system ... Begin: Running /scripts/local-top ... done.
Begin: Running /scripts/local-premount ... [    5.829923] Btrfs loaded, crc32c=crc32c-intel
Scanning for Btrfs filesystems
done.
Warning: fsck not present, so skipping root file system
[    5.923932] EXT4-fs (sda1): mounted filesystem with ordered data mode. Opts: (null)
done.
Begin: Running /scripts/local-bottom ... done.
Begin: Running /scripts/init-bottom ... done.
[    6.400085] ip_tables: (C) 2000-2006 Netfilter Core Team
[    6.432042] systemd[1]: systemd 237 running in system mode. (+PAM +AUDIT +SELINUX +IMA +APPARMOR +SMACK +SYSVINIT +UTMP +LIBCRYPTSETUP +GCRYPT +GNUTLS +ACL +XZ +LZ4 +SECCOMP +BLKID +ELFUTILS +KMOD -IDN2 +IDN -PCRE2 default-hierarchy=hybrid)
[    6.448633] systemd[1]: Detected virtualization oracle.
[    6.452800] systemd[1]: Detected architecture x86-64.

Welcome to [1mUbuntu 18.04.6 LTS[0m!

[    6.473609] systemd[1]: Set hostname to <ubuntu>.
[    6.481788] systemd[1]: Initializing machine ID from random generator.
[    6.489010] systemd[1]: Installed transient /etc/machine-id file.
[    7.005381] systemd[1]: Started Forward Password Requests to Wall Directory Watch.
[[0;32m  OK  [0m] Started Forward Password Requests to Wall Directory Watch.
[    7.010020] systemd[1]: Set up automount Arbitrary Executable File Formats File System Automount Point.
[[0;32m  OK  [0m] Set up automount Arbitrary Executab…rmats File System Automount Point.
[    7.014319] systemd[1]: Reached target Swap.
[[0;32m  OK  [0m] Reached target Swap.
[    7.018774] systemd[1]: Created slice User and Session Slice.
[[0;32m  OK  [0m] Created slice User and Session Slice.
[[0;32m  OK  [0m] Reached target Mounting snaps.
[[0;32m  OK  [0m] Reached target User and Group Name Lookups.
[[0;32m  OK  [0m] Created slice System Slice.
[[0;32m  OK  [0m] Listening on /dev/initctl Compatibility Named Pipe.
[[0;32m  OK  [0m] Listening on Journal Socket.
         Mounting Huge Pages File System...
[[0;32m  OK  [0m] Listening on Journal Audit Socket.
         Starting Set the console keyboard layout...
[[0;32m  OK  [0m] Listening on udev Kernel Socket.
[[0;32m  OK  [0m] Listening on Network Service Netlink Socket.
         Starting Create list of required st…ce nodes for the current kernel...
[[0;32m  OK  [0m] Listening on LVM2 poll daemon socket.
[[0;32m  OK  [0m] Listening on udev Control Socket.
         Starting udev Coldplug all Devices...
         Mounting POSIX Message Queue File System...
         Starting Load Kernel Modules...
[[0;32m  OK  [0m] Listening on fsck to fsckd communication Socket.
         Mounting Kernel Debug File System...
         Starting Uncomplicated firewall...
[    7.101116] Loading iSCSI transport class v2.0-870.
[    7.112447] iscsi: registered transport (tcp)
[[0;32m  OK  [0m] Reached target Slices.
         Starting File System Check on Root Device...
[[0;32m  OK  [0m] Listening on LVM2 metadata daemon socket.
[[0;32m  OK  [0m] Listening on Journal Socket (/dev/log).
[[0;32m  OK  [0m] Listening on Syslog Socket.
         Starting Journal Service...
[[0;32m  OK  [0m] Reached target Mounted snaps.
[[0;32m  OK  [0m] Created slice system-serial\x2dgetty.slice.
[[0;32m  OK  [0m] Reached target System Time Synchronized.
[[0;32m  OK  [0m] Listening on Device-mapper event daemon FIFOs.
         Starting Monitoring of LVM2 mirrors…ng dmeventd or progress polling...
[[0;32m  OK  [0m] Mounted Huge Pages File System.
[[0;32m  OK  [0m] Started Create list of required sta…vice nodes for the current kernel.
[[0;32m  OK  [0m] Mounted POSIX Message Queue File System.
[[0;32m  OK  [0m] Mounted Kernel Debug File System.
[[0;32m  OK  [0m] Started Uncomplicated firewall.
         Starting Create Static Device Nodes in /dev...
[[0;32m  OK  [0m] Started File System Check Daemon to report status.
[[0;32m  OK  [0m] Started LVM2 metadata daemon.
[[0;32m  OK  [0m] Started udev Coldplug all Devices.
[[0;32m  OK  [0m] Started Create Static Device Nodes in /dev.
[[0;32m  OK  [0m] Started Journal Service.
[    7.355252] iscsi: registered transport (iser)
[[0;32m  OK  [0m] Started Load Kernel Modules.
         Mounting FUSE Control File System...
         Mounting Kernel Configuration File System...
         Starting Apply Kernel Variables...
[[0;32m  OK  [0m] Mounted FUSE Control File System.
[[0;32m  OK  [0m] Started File System Check on Root Device.
[[0;32m  OK  [0m] Mounted Kernel Configuration File System.
         Starting Remount Root and Kernel File Systems...
[[0;32m  OK  [0m] Started Monitoring of LVM2 mirrors,…sing dmeventd or progress polling.
[[0;32m  OK  [0m] Started Remount Root and Kernel File Systems.
         Starting Load/Save Random Seed...
         Starting udev Kernel Device Manager...
         Starting Flush Journal to Persistent Storage...
[[0;32m  OK  [0m] Started Apply Kernel Variables.
[[0;32m  OK  [0m] Started Load/Save Random Seed.
[[0;32m  OK  [0m] Started udev Kernel Device Manager.
[[0;32m  OK  [0m] Started Flush Journal to Persistent Storage.
[[0;32m  OK  [0m] Found device /dev/ttyS0.
[[0;32m  OK  [0m] Listening on Load/Save RF Kill Switch Status /dev/rfkill Watch.
         Mounting Arbitrary Executable File Formats File System...
[[0;32m  OK  [0m] Mounted Arbitrary Executable File Formats File System.
[[0;32m  OK  [0m] Started Set the console keyboard layout.
[[0;32m  OK  [0m] Reached target Local File Systems (Pre).
[[0;32m  OK  [0m] Reached target Local File Systems.
         Starting Commit a transient machine-id on disk...
         Starting Create Volatile Files and Directories...
         Starting Tell Plymouth To Write Out Runtime Data...
         Starting Set console font and keymap...
         Starting AppArmor initialization...
         Starting ebtables ruleset management...
[[0;32m  OK  [0m] Started Dispatch Password Requests to Console Directory Watch.
[[0;32m  OK  [0m] Reached target Local Encrypted Volumes.
[[0;32m  OK  [0m] Started Tell Plymouth To Write Out Runtime Data.
[[0;32m  OK  [0m] Started Commit a transient machine-id on disk.
[[0;32m  OK  [0m] Started Create Volatile Files and Directories.
         Starting Update UTMP about System Boot/Shutdown...
[[0;32m  OK  [0m] Started Update UTMP about System Boot/Shutdown.
[[0;32m  OK  [0m] Started ebtables ruleset management.
[[0;32m  OK  [0m] Started AppArmor initialization.
         Starting Load AppArmor profiles managed internally by snapd...
         Starting Initial cloud-init job (pre-networking)...
[[0;32m  OK  [0m] Started Load AppArmor profiles managed internally by snapd.
[[0;32m  OK  [0m] Started Set console font and keymap.
[   16.071603] cloud-init[798]: Cloud-init v. 23.1.2-0ubuntu0~18.04.1 running 'init-local' at Mon, 04 Nov 2024 21:16:08 +0000. Up 14.62 seconds.
[[0;32m  OK  [0m] Started Initial cloud-init job (pre-networking).
[[0;32m  OK  [0m] Reached target Network (Pre).
         Starting Network Service...
[[0;32m  OK  [0m] Started Network Service.
         Starting Network Name Resolution...
         Starting Wait for Network to be Configured...
[[0;32m  OK  [0m] Started Network Name Resolution.
[[0;32m  OK  [0m] Reached target Host and Network Name Lookups.
[[0;32m  OK  [0m] Reached target Network.
[[0;32m  OK  [0m] Started Wait for Network to be Configured.
         Starting Initial cloud-init job (metadata service crawler)...
[   19.105076] cloud-init[929]: Cloud-init v. 23.1.2-0ubuntu0~18.04.1 running 'init' at Mon, 04 Nov 2024 21:16:12 +0000. Up 18.77 seconds.
[   19.108555] cloud-init[929]: ci-info: ++++++++++++++++++++++++++++++++++++++Net device info++++++++++++++++++++++++++++++++++++++
[   19.114570] cloud-init[929]: ci-info: +--------+------+----------------------------+---------------+--------+-------------------+
[   19.128555] cloud-init[929]: ci-info: | Device |  Up  |          Address           |      Mask     | Scope  |     Hw-Address    |
[   19.131209] cloud-init[929]: ci-info: +--------+------+----------------------------+---------------+--------+-------------------+
[   19.133981] cloud-init[929]: ci-info: | enp0s3 | True |         10.0.2.15          | 255.255.255.0 | global | 02:3b:7b:b7:3b:2d |
[   19.136164] cloud-init[929]: ci-info: | enp0s3 | True | fe80::3b:7bff:feb7:3b2d/64 |       .       |  link  | 02:3b:7b:b7:3b:2d |
[   19.139133] cloud-init[929]: ci-info: |   lo   | True |         127.0.0.1          |   255.0.0.0   |  host  |         .         |
[   19.141703] cloud-init[929]: ci-info: |   lo   | True |          ::1/128           |       .       |  host  |         .         |
[   19.145700] cloud-init[929]: ci-info: +--------+------+----------------------------+---------------+--------+-------------------+
[   19.150258] cloud-init[929]: ci-info: ++++++++++++++++++++++++++++Route IPv4 info+++++++++++++++++++++++++++++
[   19.154372] cloud-init[929]: ci-info: +-------+-------------+----------+-----------------+-----------+-------+
[   19.158584] cloud-init[929]: ci-info: | Route | Destination | Gateway  |     Genmask     | Interface | Flags |
[   19.167273] cloud-init[929]: ci-info: +-------+-------------+----------+-----------------+-----------+-------+
[   19.173424] cloud-init[929]: ci-info: |   0   |   0.0.0.0   | 10.0.2.2 |     0.0.0.0     |   enp0s3  |   UG  |
[   19.177052] cloud-init[929]: ci-info: |   1   |   10.0.2.0  | 0.0.0.0  |  255.255.255.0  |   enp0s3  |   U   |
[   19.180972] cloud-init[929]: ci-info: |   2   |   10.0.2.2  | 0.0.0.0  | 255.255.255.255 |   enp0s3  |   UH  |
[   19.183603] cloud-init[929]: ci-info: +-------+-------------+----------+-----------------+-----------+-------+
[   19.186998] cloud-init[929]: ci-info: +++++++++++++++++++Route IPv6 info+++++++++++++++++++
[   19.189516] cloud-init[929]: ci-info: +-------+-------------+---------+-----------+-------+
[   19.192979] cloud-init[929]: ci-info: | Route | Destination | Gateway | Interface | Flags |
[   19.208578] cloud-init[929]: ci-info: +-------+-------------+---------+-----------+-------+
[   19.212063] cloud-init[929]: ci-info: |   1   |  fe80::/64  |    ::   |   enp0s3  |   U   |
[   19.216387] cloud-init[929]: ci-info: |   3   |    local    |    ::   |   enp0s3  |   U   |
[   19.220251] cloud-init[929]: ci-info: |   4   |   ff00::/8  |    ::   |   enp0s3  |   U   |
[   19.225027] cloud-init[929]: ci-info: +-------+-------------+---------+-----------+-------+
[   20.597701] cloud-init[929]: Generating public/private rsa key pair.
[   20.599670] cloud-init[929]: Your identification has been saved in /etc/ssh/ssh_host_rsa_key.
[   20.602802] cloud-init[929]: Your public key has been saved in /etc/ssh/ssh_host_rsa_key.pub.
[   20.606710] cloud-init[929]: The key fingerprint is:
[   20.609090] cloud-init[929]: SHA256:j0bPAsJIK7BMMysjMiPuAMjvVbSYEwhJTSeiAlKbjpk root@ubuntu-bionic
[   20.624433] cloud-init[929]: The key's randomart image is:
[   20.626361] cloud-init[929]: +---[RSA 2048]----+
[   20.627759] cloud-init[929]: |+==o .           |
[   20.629174] cloud-init[929]: |+.o++            |
[   20.630693] cloud-init[929]: |+++. . .         |
[   20.631906] cloud-init[929]: |BB++  = .        |
[   20.645145] cloud-init[929]: |E++ o+.oS        |
[   20.660472] cloud-init[929]: |B=.  .oo =       |
[   20.672430] cloud-init[929]: |.. . .  + +      |
[   20.673383] cloud-init[929]: |o . .  . .       |
[   20.675803] cloud-init[929]: | . .             |
[   20.678268] cloud-init[929]: +----[SHA256]-----+
[   20.679313] cloud-init[929]: Generating public/private dsa key pair.
[   20.692761] cloud-init[929]: Your identification has been saved in /etc/ssh/ssh_host_dsa_key.
[   20.694269] cloud-init[929]: Your public key has been saved in /etc/ssh/ssh_host_dsa_key.pub.
[   20.696495] cloud-init[929]: The key fingerprint is:
[   20.698875] cloud-init[929]: SHA256:1EKJA2E4NTer5JKHUEkOus94kSyV3DE/T7KpQAScsBY root@ubuntu-bionic
[   20.701799] cloud-init[929]: The key's randomart image is:
[   20.702828] cloud-init[929]: +---[DSA 1024]----+
[   20.703745] cloud-init[929]: |*E=+Ooo...       |
[   20.704655] cloud-init[929]: |.X=+ *o+..       |
[   20.705573] cloud-init[929]: |+.*.o =.+ .      |
[   20.706388] cloud-init[929]: |.* * . O .       |
[   20.707484] cloud-init[929]: |o O + o S        |
[   20.708455] cloud-init[929]: | = = .           |
[   20.710391] cloud-init[929]: |. + .            |
[   20.720381] cloud-init[929]: | .               |
[   20.732541] cloud-init[929]: |                 |
[[0;32m  OK  [0m] Started Initial cloud-init job (metadata service crawler).
[   20.749588] cloud-init[929]: +----[SHA256]-----+
[   20.750906] cloud-init[929]: Generating public/private ecdsa key pair.
[   20.752570] cloud-init[929]: Your identification has been saved in /etc/ssh/ssh_host_ecdsa_key.
[   20.754788] cloud-init[929]: Your public key has been saved in /etc/ssh/ssh_host_ecdsa_key.pub.
[[0;32m  OK  [0m] Reached target Cloud-config availability.
[[0;32m  OK  [0m] Reached target System Initialization.
[   20.758090] cloud-init[929]: The key fingerprint is:
[[0;32m  OK  [0m] Started Daily apt download activities.
[   20.769318] cloud-init[929]: SHA256:2g15t6n/TmPP1eYOIkievHSZnBcCEPWBD9AWTLaoOLU root@ubuntu-bionic
[   20.777261] cloud-init[929]: The key's randomart image is:
         Starting LXD - unix socket.
[[0;32m  OK  [0m] Listening on D-Bus System Message Bus Socket.
         Starting Socket activation for snappy daemon.
[[0;32m  OK  [0m] Started Ubuntu Advantage Timer for running repeated jobs.
[[0;32m  OK  [0m] Started Discard unused blocks once a week.
[[0;32m  OK  [0m] Started Daily apt upgrade and clean activities.
[[0;32m  OK  [0m] Listening on cloud-init hotplug hook socket.
[[0;32m  OK  [0m] Listening on UUID daemon activation socket.
[[0;32m  OK  [0m] Listening on ACPID Listen Socket.
[[0;32m  OK  [0m] Listening on Open-iSCSI iscsid Socket.
[[0;32m  OK  [0m] Started Message of the Day.
[   20.783776] cloud-init[929]: +---[ECDSA 256]---+
[   20.850516] cloud-init[929]: |      +B=o.      |
[[0;32m  OK  [0m] Started ACPI Events Check.
[[0;32m  OK  [0m] Reached target Paths.
[[0;32m  OK  [0m] Started Daily Cleanup of Temporary Directories.
[   20.895360] cloud-init[[0;32m  OK  [0m] Reached target Timers.
[[0;32m  OK  [0m] Reached target Network is Online.
[929]: |       +*o .     |
[   20.904382] cloud-init[929]: |    . ..oo.      |         Starting Availability of block devices...
[[0;32m  OK  [0m] Reached target Remote File Systems (Pre).

[   20.908894] cloud-init[929]: |   o o   o.      |
[   20.909671] cloud-init[929]: [[0;32m  OK  [0m] Reached target Remote File Systems.
[[0;32m  OK  [0m] Listening on LXD - unix socket.
[[0;32m  OK  [0m] Listening on Socket activation for snappy daemon.
[[0;32m  OK  [0m] Reached target Sockets.
[[0;32m  OK  [0m] Reached target Basic System.
|  o E   S o o    |
         Starting Virtualbox guest utils...
[   20.918842] cloud-init[929]: |   .   * B * +  .|
[   20.920250] cloud-init[929]: |      . B O = = +|         Starting Permit User Sessions...

         Starting Pollinate to seed the pseudo random number generator...
[[0;32m  OK  [0m] Reached target Login Prompts (Pre).
[[0;32m  OK  [0m] Started Deferred execution scheduler.
[   20.936139] cloud-init[929]: |       . o + + B.|
[   20.940869] cloud-init[929]: |        . ...oo.=|
[   20.945376] cloud-init[929]: +----[SHA256]-----+
         Starting Dispatcher daemon for systemd-networkd...
[   20.950345] cloud-init[929]: Generating public/private ed25519 key pair.
         Starting LSB: automatic crash report generation...
[   20.958162] cloud-init[929]: Your identification has been saved in /etc/ssh/ssh_host_ed25519_key.
[   20.977755] cloud-init[929]: Your public key has been saved in /etc/ssh/ssh_host_ed25519_key.pub.
[   20.980563] cloud-init[929]: The key fingerprint is:
[   20.982340] cloud-init[929]: SHA256:3a6At5OYkwUCFVZT0MpaStgizIOgWQhsyQhgU2Zo88U root@ubuntu-bionic
[   20.996856] cloud-init[929]: The key's randomart image is:
[[0;32m  OK  [0m] Started irqbalance daemon.
[   21.001685] cloud-init[929]: +--[ED25519 256]--+
[   21.033236] cloud-init[[929]: [0;32m  OK  [0m|@++==o++.        |] 
Started FUSE filesystem for LXC.
[   21.039569] cloud-init[929]: |=O*. E ..        |
[   21.044300] cloud-init[929]: |Ooo+.. .         |
[   21.051838] cloud-init[929]: |=+o.+ =  . .     |
[   21.056572] cloud-init[929]: | ..o = .S . .    |
[   21.060702] cloud-init[929]: |    o  ..  .     |         Starting Snap Daemon...
         Starting LSB: Record successful boot for GRUB...

         Starting Accounts Service...
         Starting System Logging Service...
[   21.080033] cloud-init[929]: |      .=o.  .    |
[   21.087975] cloud-init[929]: |      =.oo .     |
[   21.109230] cloud-init[929]: |       ....      |
[   21.120826] cloud-init[929]: +----[SHA256]-----+
[[0;32m  OK  [0m] Started Regular background program processing daemon.
         Starting Login Service...
[[0;32m  OK  [0m] Started D-Bus System Message Bus.
         Starting LXD - container startup/shutdown...
[[0;32m  OK  [0m] Started System Logging Service.
[[0;32m  OK  [0m] Started Availability of block devices.
[[0;32m  OK  [0m] Started Permit User Sessions.
         Starting Hold until boot process finishes up...
         Starting Terminate Plymouth Boot Screen...
[[0;32m  OK  [0m] Started Hold until boot process finishes up.
[[0;32m  OK  [0m] Started Login Service.
[[0;32m  OK  [0m] Started Unattended Upgrades Shutdown.
[[0;32m  OK  [0m] Started Serial Getty on ttyS0.
         Starting Set console scheme...
[[0;32m  OK  [0m] Started Terminate Plymouth Boot Screen.
[[0;32m  OK  [0m] Started LSB: automatic crash report generation.
[[0;32m  OK  [0m] Started Set console scheme.
[[0;32m  OK  [0m] Created slice system-getty.slice.
[[0;32m  OK  [0m] Started Getty on tty1.
[[0;32m  OK  [0m] Reached target Login Prompts.
         Starting Authorization Manager...
[[0;32m  OK  [0m] Started LSB: Record successful boot for GRUB.
[[0;32m  OK  [0m] Started Authorization Manager.
[[0;32m  OK  [0m] Started Accounts Service.
[[0;32m  OK  [0m] Started Virtualbox guest utils.
[[0;32m  OK  [0m] Started LXD - container startup/shutdown.
[[0;32m  OK  [0m] Started Dispatcher daemon for systemd-networkd.
[[0;32m  OK  [0m] Started Snap Daemon.
         Starting Wait until snapd is fully seeded...
[[0;32m  OK  [0m] Started Pollinate to seed the pseudo random number generator.
         Starting OpenBSD Secure Shell server...
[[0;32m  OK  [0m] Started OpenBSD Secure Shell server.
[[0;32m  OK  [0m] Created slice User Slice of vagrant.
         Starting User Manager for UID 1000...
[[0;32m  OK  [0m] Started Session 1 of user vagrant.
[[0;32m  OK  [0m] Started User Manager for UID 1000.
         Starting Time & Date Service...
[[0;32m  OK  [0m] Started Time & Date Service.
[[0;32m  OK  [0m] Started Wait until snapd is fully seeded.
         Starting Apply the settings specified in cloud-config...

Ubuntu 18.04.6 LTS ubuntu-bionic ttyS0

ubuntu-bionic login: [   28.394829] cloud-init[1494]: Cloud-init v. 23.1.2-0ubuntu0~18.04.1 running 'modules:config' at Mon, 04 Nov 2024 21:16:20 +0000. Up 27.49 seconds.
ci-info: no authorized SSH keys fingerprints found for user ubuntu.
<14>Nov  4 21:16:23 cloud-init: #############################################################
<14>Nov  4 21:16:23 cloud-init: -----BEGIN SSH HOST KEY FINGERPRINTS-----
<14>Nov  4 21:16:23 cloud-init: 1024 SHA256:1EKJA2E4NTer5JKHUEkOus94kSyV3DE/T7KpQAScsBY root@ubuntu-bionic (DSA)
<14>Nov  4 21:16:23 cloud-init: 256 SHA256:2g15t6n/TmPP1eYOIkievHSZnBcCEPWBD9AWTLaoOLU root@ubuntu-bionic (ECDSA)
<14>Nov  4 21:16:23 cloud-init: 256 SHA256:3a6At5OYkwUCFVZT0MpaStgizIOgWQhsyQhgU2Zo88U root@ubuntu-bionic (ED25519)
<14>Nov  4 21:16:23 cloud-init: 2048 SHA256:j0bPAsJIK7BMMysjMiPuAMjvVbSYEwhJTSeiAlKbjpk root@ubuntu-bionic (RSA)
<14>Nov  4 21:16:23 cloud-init: -----END SSH HOST KEY FINGERPRINTS-----
<14>Nov  4 21:16:23 cloud-init: #############################################################
-----BEGIN SSH HOST KEY KEYS-----
ecdsa-sha2-nistp256 AAAAE2VjZHNhLXNoYTItbmlzdHAyNTYAAAAIbmlzdHAyNTYAAABBBHoe2p1CLcAB+S69rMKV/TuimszNgilgKZL4G2HOyH2PZiJ0jdm4QyUlKyt55kDMPTaZSL0me+mM9h9itq1lDZw= root@ubuntu-bionic
ssh-ed25519 AAAAC3NzaC1lZDI1NTE5AAAAIKAUU7rL7OJlNdBYESt/ZiZ2oAZfDGi/y4mknXpOp/Od root@ubuntu-bionic
ssh-rsa AAAAB3NzaC1yc2EAAAADAQABAAABAQDEXjSH+v3SJsvy22esoIjIgCg1AD6wa8W9CM5McG4ielrH3n9AwYHRlAbR/Mk39YzLyi1Y3xvsHGv+bbC+cfSRDEbmB9CQNE5f3sqpBVXmJDXQp+a47rAexBOnvLTP5xg4MczJ7ndSZP/+5Js2Ahw8DgHUTwnpk3VVZfXBDkI68YM1igGtGMJtskBhwR9AgxRJEoogt+Q13Yiiprtdwuzwm2ALwNDTiDC9auUcZsKhZHm7OfXxi05I1a3JkfhW/o2zNLtBAtK/afzRckoF0FSx++ctDPXsmC+SRT3vaY2nd5l2DM/E7k0FsMlZkDZHGxKPpkQUsIV4Igy1odsqqvC5 root@ubuntu-bionic
-----END SSH HOST KEY KEYS-----
[   29.961981] cloud-init[1630]: Cloud-init v. 23.1.2-0ubuntu0~18.04.1 running 'modules:final' at Mon, 04 Nov 2024 21:16:22 +0000. Up 29.56 seconds.
[   29.962320] cloud-init[1630]: Cloud-init v. 23.1.2-0ubuntu0~18.04.1 finished at Mon, 04 Nov 2024 21:16:23 +0000. Datasource DataSourceNoCloud [seed=/dev/sdb][dsmode=net].  Up 29.92 seconds
